#
# A fatal error has been detected by the Java Runtime Environment:
#
#  SIGSEGV (0xb) at pc=0x0000000101c53beb, pid=61233, tid=39179
#
# JRE version: Java(TM) SE Runtime Environment (8.0_66-b17) (build 1.8.0_66-b17)
# Java VM: Java HotSpot(TM) 64-Bit Server VM (25.66-b17 mixed mode bsd-amd64 compressed oops)
# Problematic frame:
# C  [XUL+0x1967beb]  mozilla_set_coreaudio_notification_runloop_if_needed+0x195b2b
#
# Failed to write core dump. Core dumps have been disabled. To enable core dumping, try "ulimit -c unlimited" before starting Java again
#
# If you would like to submit a bug report, please visit:
#   http://bugreport.java.com/bugreport/crash.jsp
# The crash happened outside the Java Virtual Machine in native code.
# See problematic frame for where to report the bug.
#

---------------  T H R E A D  ---------------

Current thread (0x00000001067f4000):  JavaThread "main" [_thread_in_native, id=39179, stack(0x000070000042c000,0x00007000004ac000)]

siginfo: si_signo: 11 (SIGSEGV), si_code: 1 (SEGV_MAPERR), si_addr: 0x0000000000000000

Registers:
RAX=0x0000000000000000, RBX=0x00007fff76c2fbd0, RCX=0x0000010000000203, RDX=0x0000020000000200
RSP=0x00007000004ab4d0, RBP=0x00007000004ab548, RSI=0x0000000000012068, RDI=0x0000000104513bfe
R8 =0x0000000000000040, R9 =0x00007fff76c2f1e0, R10=0xffffffffffffffff, R11=0x00007fff8ca04601
R12=0x0000000000000000, R13=0x000000011dbcc090, R14=0x00007000004ab570, R15=0x00000001067f4000
RIP=0x0000000101c53beb, EFLAGS=0x0000000000010202, ERR=0x0000000000000006
  TRAPNO=0x000000000000000e

Top of Stack: (sp=0x00007000004ab4d0)
0x00007000004ab4d0:   000000010516ddd8 000000011dbcc090
0x00007000004ab4e0:   00007000004ab570 000000010e616954
0x00007000004ab4f0:   00007000004ab548 000000010e6166e7
0x00007000004ab500:   000000010e6166a2 00007000004ab508
0x00007000004ab510:   000000011dbcc090 00007000004ab570
0x00007000004ab520:   000000011dbd4160 0000000000000000
0x00007000004ab530:   000000011dbcc090 0000000000000000
0x00007000004ab540:   00007000004ab568 00007000004ab5b8
0x00007000004ab550:   000000010e608c4d 00000007bff74210
0x00007000004ab560:   000000010e610578 0000000123603480
0x00007000004ab570:   00000007bfc82200 00007000004ab578
0x00007000004ab580:   000000011dbcb331 00007000004ab5d0
0x00007000004ab590:   000000011dbd4160 0000000000000000
0x00007000004ab5a0:   000000011dbcb338 00007000004ab568
0x00007000004ab5b0:   00007000004ab5c8 00007000004ab628
0x00007000004ab5c0:   000000010e608c92 00000007bfc82200
0x00007000004ab5d0:   00000007bff74288 0000000000000001
0x00007000004ab5e0:   00000007be0cecc0 00007000004ab5d8
0x00007000004ab5f0:   000000011df81cef 00007000004ab648
0x00007000004ab600:   000000011df827a8 0000000000000000
0x00007000004ab610:   000000011df81d38 00007000004ab5c8
0x00007000004ab620:   00007000004ab648 00007000004ab6a0
0x00007000004ab630:   000000010e608c4d 00000007bfc82200
0x00007000004ab640:   00000007bfd60c48 00000007be0cecc0
0x00007000004ab650:   0000000000000009 00000007be1ce710
0x00007000004ab660:   00007000004ab650 000000011df7f2ca
0x00007000004ab670:   00007000004ab6c0 000000011df80770
0x00007000004ab680:   0000000000000000 000000011df7f2f8
0x00007000004ab690:   00007000004ab648 00007000004ab6c0
0x00007000004ab6a0:   00007000004ab718 000000010e608c4d
0x00007000004ab6b0:   0000000000000000 00000007be0cecc0
0x00007000004ab6c0:   0000000000000001 0000000000000000 

Instructions: (pc=0x0000000101c53beb)
0x0000000101c53bcb:   37 e3 a0 01 48 8b 3b e8 59 f9 6e fe 48 8b 3b e8
0x0000000101c53bdb:   c7 e2 a0 01 48 8d 3d 18 00 8c 02 e8 35 cd bc 00
0x0000000101c53beb:   c7 04 25 00 00 00 00 c9 00 00 00 e8 d1 e0 a0 01
0x0000000101c53bfb:   0f 1f 44 00 00 55 41 57 41 56 41 55 41 54 53 50 

Register to memory mapping:

RAX=0x0000000000000000 is an unknown value
RBX=0x00007fff76c2fbd0: __stderrp+0 in /usr/lib/system/libsystem_c.dylib at 0x00007fff8c9c8000
RCX=0x0000010000000203 is an unknown value
RDX=0x0000020000000200 is an unknown value
RSP=0x00007000004ab4d0 is pointing into the stack for thread: 0x00000001067f4000
RBP=0x00007000004ab548 is pointing into the stack for thread: 0x00000001067f4000
RSI=0x0000000000012068 is an unknown value
RDI=0x0000000104513bfe: ffi_type_longdouble+0x18334e in /Users/yegor/apps/Firefox.app/Contents/MacOS/XUL at 0x00000001002ec000
R8 =0x0000000000000040 is an unknown value
R9 =0x00007fff76c2f1e0: __sFX+0x1c0 in /usr/lib/system/libsystem_c.dylib at 0x00007fff8c9c8000
R10=0xffffffffffffffff is an unknown value
R11=0x00007fff8ca04601: feof+0x13 in /usr/lib/system/libsystem_c.dylib at 0x00007fff8c9c8000
R12=0x0000000000000000 is an unknown value
R13={method} {0x000000011dbcc090} 'npnReleaseObject' '(J)V' in 'sun/plugin2/main/server/MozillaPlugin'
R14=0x00007000004ab570 is pointing into the stack for thread: 0x00000001067f4000
R15=0x00000001067f4000 is a thread


Stack: [0x000070000042c000,0x00007000004ac000],  sp=0x00007000004ab4d0,  free space=509k
Native frames: (J=compiled Java code, j=interpreted, Vv=VM code, C=native code)
C  [XUL+0x1967beb]  mozilla_set_coreaudio_notification_runloop_if_needed+0x195b2b
j  sun.plugin2.main.server.MozillaPlugin.javaScriptReleaseObject(Lsun/plugin2/liveconnect/BrowserSideObject;)V+9
j  sun.plugin2.main.server.LiveConnectSupport$PerPluginInfo.releaseAllObjects()V+39
j  sun.plugin2.main.server.LiveConnectSupport.shutdown(I)V+42
j  sun.plugin2.main.server.JVMInstance.unregisterApplet(I)V+64
j  sun.plugin2.main.server.JVMInstance.recycleAppletID(I)V+2
j  sun.plugin2.main.server.JVMManager.recycleAppletID(Lsun/plugin2/main/server/AppletID;)V+15
j  sun.plugin2.main.server.MozillaPlugin.stopApplet()V+237
j  sun.plugin2.main.server.MozillaPlugin.destroy()V+15
v  ~StubRoutines::call_stub
V  [libjvm.dylib+0x2ea35e]  JavaCalls::call_helper(JavaValue*, methodHandle*, JavaCallArguments*, Thread*)+0x6ae
V  [libjvm.dylib+0x321467]  jni_invoke_nonstatic(JNIEnv_*, JavaValue*, _jobject*, JNICallType, _jmethodID*, JNI_ArgumentPusher*, Thread*)+0x2ec
V  [libjvm.dylib+0x313d85]  jni_CallVoidMethodV+0xf8
C  [JavaAppletPlugin+0x1d4c]  JNIEnv_::CallVoidMethod(_jobject*, _jmethodID*, ...)+0x78
C  [JavaAppletPlugin+0x95e2]  NPAPIJavaPlugin::DestroyHandler()+0x4e
C  [JavaAppletPlugin+0xbbcb]  PluginRunner::run(Jpi_Thread&)+0x15f
C  [JavaAppletPlugin+0xc868]  pthread_fn+0xa
C  [libsystem_pthread.dylib+0x399d]  _pthread_body+0x83
C  [libsystem_pthread.dylib+0x391a]  _pthread_body+0x0
C  [libsystem_pthread.dylib+0x1351]  thread_start+0xd
C  0x0000000000000000

Java frames: (J=compiled Java code, j=interpreted, Vv=VM code)
j  sun.plugin2.main.server.MozillaPlugin.npnReleaseObject(J)V+0
j  sun.plugin2.main.server.MozillaPlugin.javaScriptReleaseObject(Lsun/plugin2/liveconnect/BrowserSideObject;)V+9
j  sun.plugin2.main.server.LiveConnectSupport$PerPluginInfo.releaseAllObjects()V+39
j  sun.plugin2.main.server.LiveConnectSupport.shutdown(I)V+42
j  sun.plugin2.main.server.JVMInstance.unregisterApplet(I)V+64
j  sun.plugin2.main.server.JVMInstance.recycleAppletID(I)V+2
j  sun.plugin2.main.server.JVMManager.recycleAppletID(Lsun/plugin2/main/server/AppletID;)V+15
j  sun.plugin2.main.server.MozillaPlugin.stopApplet()V+237
j  sun.plugin2.main.server.MozillaPlugin.destroy()V+15
v  ~StubRoutines::call_stub

---------------  P R O C E S S  ---------------

Java Threads: ( => current thread )
  0x0000000122c28000 JavaThread "JVM[id=1]-Heartbeat" [_thread_blocked, id=60679, stack(0x0000700002131000,0x0000700002231000)]
  0x0000000122c27000 JavaThread "JRE 1.8.0.66 Worker Thread" [_thread_blocked, id=60163, stack(0x000070000202e000,0x000070000212e000)]
  0x0000000122c26000 JavaThread "JRE 1.8.0.66 Output Reader Thread" [_thread_in_native, id=59651, stack(0x0000700001f2b000,0x000070000202b000)]
  0x0000000122c25000 JavaThread "JRE 1.8.0.66 Output Reader Thread" [_thread_in_native, id=59139, stack(0x0000700001e28000,0x0000700001f28000)]
  0x0000000122c24000 JavaThread "Thread-5" [_thread_blocked, id=58627, stack(0x0000700001d25000,0x0000700001e25000)]
  0x0000000122d0d000 JavaThread "process reaper" daemon [_thread_in_native, id=58115, stack(0x0000700001cfa000,0x0000700001d22000)]
  0x0000000122bf0000 JavaThread "Java Plug-In Pipe Worker Thread (Server-Side)" daemon [_thread_in_native, id=57539, stack(0x0000700001bf7000,0x0000700001cf7000)]
  0x0000000121e0b000 JavaThread "Timer-0" daemon [_thread_blocked, id=56323, stack(0x00007000019f1000,0x0000700001af1000)]
  0x00000001202b3000 JavaThread "traceMsgQueueThread" daemon [_thread_blocked, id=55299, stack(0x00007000017eb000,0x00007000018eb000)]
  0x0000000120269000 JavaThread "Thread-0" [_thread_in_native, id=775, stack(0x00007fff5f400000,0x00007fff5fc00000)]
  0x0000000120090000 JavaThread "Service Thread" daemon [_thread_blocked, id=48131, stack(0x00007000014df000,0x00007000015df000)]
  0x0000000120056000 JavaThread "C1 CompilerThread3" daemon [_thread_blocked, id=47619, stack(0x00007000013dc000,0x00007000014dc000)]
  0x0000000120049000 JavaThread "C2 CompilerThread2" daemon [_thread_blocked, id=47107, stack(0x00007000012d9000,0x00007000013d9000)]
  0x0000000120047000 JavaThread "C2 CompilerThread1" daemon [_thread_blocked, id=46595, stack(0x00007000011d6000,0x00007000012d6000)]
  0x0000000120044000 JavaThread "C2 CompilerThread0" daemon [_thread_blocked, id=46083, stack(0x00007000010d3000,0x00007000011d3000)]
  0x0000000120043000 JavaThread "Signal Dispatcher" daemon [_thread_blocked, id=45323, stack(0x0000700000fd0000,0x00007000010d0000)]
  0x000000011f0eb000 JavaThread "Finalizer" daemon [_thread_blocked, id=44547, stack(0x0000700000ecd000,0x0000700000fcd000)]
  0x000000011f0e4000 JavaThread "Reference Handler" daemon [_thread_blocked, id=44035, stack(0x0000700000dca000,0x0000700000eca000)]
=>0x00000001067f4000 JavaThread "main" [_thread_in_native, id=39179, stack(0x000070000042c000,0x00007000004ac000)]

Other Threads:
  0x000000010bdfc000 VMThread [stack: 0x0000700000cc7000,0x0000700000dc7000] [id=43523]
  0x00000001200e2000 WatcherThread [stack: 0x00007000015e2000,0x00007000016e2000] [id=48643]

VM state:not at safepoint (normal execution)

VM Mutex/Monitor currently owned by a thread: None

Heap:
 PSYoungGen      total 9728K, used 9219K [0x00000007bf580000, 0x00000007c0000000, 0x00000007c0000000)
  eden space 8704K, 94% used [0x00000007bf580000,0x00000007bfd84e28,0x00000007bfe00000)
  from space 1024K, 98% used [0x00000007bff00000,0x00000007bfffc010,0x00000007c0000000)
  to   space 1024K, 0% used [0x00000007bfe00000,0x00000007bfe00000,0x00000007bff00000)
 ParOldGen       total 22016K, used 3524K [0x00000007be000000, 0x00000007bf580000, 0x00000007bf580000)
  object space 22016K, 16% used [0x00000007be000000,0x00000007be3711c0,0x00000007bf580000)
 Metaspace       used 11339K, capacity 11596K, committed 11904K, reserved 1060864K
  class space    used 1246K, capacity 1350K, committed 1408K, reserved 1048576K

Card table byte_map: [0x000000010bca7000,0x000000010bcb8000] byte_map_base: 0x0000000107eb7000

Marking Bits: (ParMarkBitMap*) 0x000000010df58e20
 Begin Bits: [0x000000010be00000, 0x000000010be80000)
 End Bits:   [0x000000010be80000, 0x000000010bf00000)

Polling page: 0x000000010bc95000

CodeCache: size=245760Kb used=3891Kb max_used=3891Kb free=241868Kb
 bounds [0x000000010e601000, 0x000000010e9d1000, 0x000000011d601000]
 total_blobs=1519 nmethods=1103 adapters=330
 compilation: enabled

Compilation events (10 events):
Event: 426.714 Thread 0x0000000120056000 1100  s    3       sun.plugin2.message.Pipe::getQueue (14 bytes)
Event: 426.714 Thread 0x0000000120056000 nmethod 1100 0x000000010e9ccb10 code [0x000000010e9ccca0, 0x000000010e9cd108]
Event: 428.723 Thread 0x0000000120056000 1101       3       sun.plugin2.message.transport.NamedPipeTransport$SerializerImpl::read (83 bytes)
Event: 428.723 Thread 0x0000000120056000 nmethod 1101 0x000000010e9cd210 code [0x000000010e9cd3e0, 0x000000010e9cdb08]
Event: 437.560 Thread 0x0000000120056000 1102   !   3       sun.plugin2.message.Pipe::receive (39 bytes)
Event: 437.560 Thread 0x0000000120056000 nmethod 1102 0x000000010e9cddd0 code [0x000000010e9cdfe0, 0x000000010e9cec58]
Event: 437.560 Thread 0x0000000120056000 1103       3       sun.plugin2.message.Pipe$1::<init> (15 bytes)
Event: 437.561 Thread 0x0000000120056000 nmethod 1103 0x000000010e9cf1d0 code [0x000000010e9cf340, 0x000000010e9cf510]
Event: 439.565 Thread 0x0000000120056000 1104  s    3       sun.plugin2.message.Queue::get (23 bytes)
Event: 439.565 Thread 0x0000000120056000 nmethod 1104 0x000000010e9cf5d0 code [0x000000010e9cf780, 0x000000010e9cfe18]

GC Heap History (4 events):
Event: 30.260 GC heap before
{Heap before GC invocations=1 (full 0):
 PSYoungGen      total 9728K, used 8704K [0x00000007bf580000, 0x00000007c0000000, 0x00000007c0000000)
  eden space 8704K, 100% used [0x00000007bf580000,0x00000007bfe00000,0x00000007bfe00000)
  from space 1024K, 0% used [0x00000007bff00000,0x00000007bff00000,0x00000007c0000000)
  to   space 1024K, 0% used [0x00000007bfe00000,0x00000007bfe00000,0x00000007bff00000)
 ParOldGen       total 22016K, used 0K [0x00000007be000000, 0x00000007bf580000, 0x00000007bf580000)
  object space 22016K, 0% used [0x00000007be000000,0x00000007be000000,0x00000007bf580000)
 Metaspace       used 8215K, capacity 8432K, committed 8704K, reserved 1056768K
  class space    used 911K, capacity 974K, committed 1024K, reserved 1048576K
Event: 30.263 GC heap after
Heap after GC invocations=1 (full 0):
 PSYoungGen      total 9728K, used 992K [0x00000007bf580000, 0x00000007c0000000, 0x00000007c0000000)
  eden space 8704K, 0% used [0x00000007bf580000,0x00000007bf580000,0x00000007bfe00000)
  from space 1024K, 96% used [0x00000007bfe00000,0x00000007bfef8020,0x00000007bff00000)
  to   space 1024K, 0% used [0x00000007bff00000,0x00000007bff00000,0x00000007c0000000)
 ParOldGen       total 22016K, used 1543K [0x00000007be000000, 0x00000007bf580000, 0x00000007bf580000)
  object space 22016K, 7% used [0x00000007be000000,0x00000007be181f08,0x00000007bf580000)
 Metaspace       used 8215K, capacity 8432K, committed 8704K, reserved 1056768K
  class space    used 911K, capacity 974K, committed 1024K, reserved 1048576K
}
Event: 30.650 GC heap before
{Heap before GC invocations=2 (full 0):
 PSYoungGen      total 9728K, used 9696K [0x00000007bf580000, 0x00000007c0000000, 0x00000007c0000000)
  eden space 8704K, 100% used [0x00000007bf580000,0x00000007bfe00000,0x00000007bfe00000)
  from space 1024K, 96% used [0x00000007bfe00000,0x00000007bfef8020,0x00000007bff00000)
  to   space 1024K, 0% used [0x00000007bff00000,0x00000007bff00000,0x00000007c0000000)
 ParOldGen       total 22016K, used 1543K [0x00000007be000000, 0x00000007bf580000, 0x00000007bf580000)
  object space 22016K, 7% used [0x00000007be000000,0x00000007be181f08,0x00000007bf580000)
 Metaspace       used 9862K, capacity 10026K, committed 10240K, reserved 1058816K
  class space    used 1090K, capacity 1179K, committed 1280K, reserved 1048576K
Event: 30.654 GC heap after
Heap after GC invocations=2 (full 0):
 PSYoungGen      total 9728K, used 1008K [0x00000007bf580000, 0x00000007c0000000, 0x00000007c0000000)
  eden space 8704K, 0% used [0x00000007bf580000,0x00000007bf580000,0x00000007bfe00000)
  from space 1024K, 98% used [0x00000007bff00000,0x00000007bfffc010,0x00000007c0000000)
  to   space 1024K, 0% used [0x00000007bfe00000,0x00000007bfe00000,0x00000007bff00000)
 ParOldGen       total 22016K, used 3524K [0x00000007be000000, 0x00000007bf580000, 0x00000007bf580000)
  object space 22016K, 16% used [0x00000007be000000,0x00000007be3711c0,0x00000007bf580000)
 Metaspace       used 9862K, capacity 10026K, committed 10240K, reserved 1058816K
  class space    used 1090K, capacity 1179K, committed 1280K, reserved 1048576K
}

Deoptimization events (10 events):
Event: 0.253 Thread 0x00000001067f4000 Uncommon trap: reason=unstable_if action=reinterpret pc=0x000000010e72f668 method=java.lang.String.hashCode()I @ 14
Event: 30.266 Thread 0x0000000106795000 Uncommon trap: reason=class_check action=maybe_recompile pc=0x000000010e80085c method=java.util.HashMap.putVal(ILjava/lang/Object;Ljava/lang/Object;ZZ)Ljava/lang/Object; @ 203
Event: 30.267 Thread 0x0000000106795000 Uncommon trap: reason=class_check action=maybe_recompile pc=0x000000010e80085c method=java.util.HashMap.putVal(ILjava/lang/Object;Ljava/lang/Object;ZZ)Ljava/lang/Object; @ 203
Event: 30.267 Thread 0x0000000106795000 Uncommon trap: reason=class_check action=maybe_recompile pc=0x000000010e80085c method=java.util.HashMap.putVal(ILjava/lang/Object;Ljava/lang/Object;ZZ)Ljava/lang/Object; @ 203
Event: 30.268 Thread 0x0000000106795000 Uncommon trap: reason=class_check action=maybe_recompile pc=0x000000010e80085c method=java.util.HashMap.putVal(ILjava/lang/Object;Ljava/lang/Object;ZZ)Ljava/lang/Object; @ 203
Event: 30.330 Thread 0x0000000106795000 Uncommon trap: reason=unstable_if action=reinterpret pc=0x000000010e827d20 method=java.lang.CharacterDataLatin1.digit(II)I @ 82
Event: 30.330 Thread 0x0000000106795000 Uncommon trap: reason=unstable_if action=reinterpret pc=0x000000010e82b89c method=java.lang.CharacterDataLatin1.digit(II)I @ 82
Event: 30.593 Thread 0x0000000106795000 Uncommon trap: reason=unstable_if action=reinterpret pc=0x000000010e85a12c method=java.io.ByteArrayInputStream.read()I @ 8
Event: 32.836 Thread 0x0000000106795000 Uncommon trap: reason=unstable_if action=reinterpret pc=0x000000010e7423ec method=java.io.BufferedReader.readLine(Z)Ljava/lang/String; @ 160
Event: 60.338 Thread 0x0000000121e0b000 Uncommon trap: reason=unstable_if action=reinterpret pc=0x000000010e7f6e30 method=java.util.TaskQueue.isEmpty()Z @ 4

Internal exceptions (8 events):
Event: 0.115 Thread 0x00000001067f4000 Exception <a 'java/lang/NoSuchMethodError': Method sun.misc.Unsafe.defineClass(Ljava/lang/String;[BII)Ljava/lang/Class; name or signature does not match> (0x00000007bf592f10) thrown at [/HUDSON3/workspace/8-2-build-macosx-x86_64/jdk8u66/4988/hotspot/src/s
Event: 0.115 Thread 0x00000001067f4000 Exception <a 'java/lang/NoSuchMethodError': Method sun.misc.Unsafe.prefetchRead(Ljava/lang/Object;J)V name or signature does not match> (0x00000007bf5931f8) thrown at [/HUDSON3/workspace/8-2-build-macosx-x86_64/jdk8u66/4988/hotspot/src/share/vm/prims/jni.
Event: 0.296 Thread 0x00000001067f4000 Exception <a 'java/security/PrivilegedActionException'> (0x00000007bf7f2b50) thrown at [/HUDSON3/workspace/8-2-build-macosx-x86_64/jdk8u66/4988/hotspot/src/share/vm/prims/jvm.cpp, line 1386]
Event: 0.296 Thread 0x00000001067f4000 Exception <a 'java/security/PrivilegedActionException'> (0x00000007bf7f2f48) thrown at [/HUDSON3/workspace/8-2-build-macosx-x86_64/jdk8u66/4988/hotspot/src/share/vm/prims/jvm.cpp, line 1386]
Event: 0.296 Thread 0x00000001067f4000 Exception <a 'java/security/PrivilegedActionException'> (0x00000007bf7f7ad8) thrown at [/HUDSON3/workspace/8-2-build-macosx-x86_64/jdk8u66/4988/hotspot/src/share/vm/prims/jvm.cpp, line 1386]
Event: 0.296 Thread 0x00000001067f4000 Exception <a 'java/security/PrivilegedActionException'> (0x00000007bf7f7ed0) thrown at [/HUDSON3/workspace/8-2-build-macosx-x86_64/jdk8u66/4988/hotspot/src/share/vm/prims/jvm.cpp, line 1386]
Event: 0.478 Thread 0x00000001067f4000 Exception <a 'java/lang/NoSuchFieldError': method resolution failed> (0x00000007bfb4cf10) thrown at [/HUDSON3/workspace/8-2-build-macosx-x86_64/jdk8u66/4988/hotspot/src/share/vm/prims/methodHandles.cpp, line 1146]
Event: 0.480 Thread 0x00000001067f4000 Exception <a 'java/lang/NoSuchFieldError': method resolution failed> (0x00000007bfb5a660) thrown at [/HUDSON3/workspace/8-2-build-macosx-x86_64/jdk8u66/4988/hotspot/src/share/vm/prims/methodHandles.cpp, line 1146]

Events (10 events):
Event: 41.459 Executing VM operation: RevokeBias
Event: 41.459 Executing VM operation: RevokeBias done
Event: 41.459 Thread 0x00000001232ce000 Thread exited: 0x00000001232ce000
Event: 42.108 Thread 0x0000000120047000 flushing nmethod 0x000000010e742e10
Event: 60.338 Thread 0x0000000121e0b000 Uncommon trap: trap_request=0xffffff65 fr.pc=0x000000010e7f6e30
Event: 60.338 Thread 0x0000000121e0b000 DEOPT PACKING pc=0x000000010e7f6e30 sp=0x0000700001af07f0
Event: 60.338 Thread 0x0000000121e0b000 DEOPT UNPACKING pc=0x000000010e606229 sp=0x0000700001af07a8 mode 2
Event: 504.764 loading class sun/plugin2/main/server/JVMInstance$2
Event: 504.764 loading class sun/plugin2/main/server/JVMInstance$2 done
Event: 506.629 Thread 0x0000000122b4b000 Thread exited: 0x0000000122b4b000


Dynamic libraries:
0x000000010000e000 	/Users/yegor/apps/Firefox.app/Contents/MacOS/libplugin_child_interpose.dylib
0x0000000005705000 	/System/Library/Frameworks/Cocoa.framework/Versions/A/Cocoa
0x0000000005705000 	/usr/lib/libobjc.A.dylib
0x0000000005705000 	/System/Library/Frameworks/AudioToolbox.framework/Versions/A/AudioToolbox
0x0000000005705000 	/System/Library/Frameworks/ExceptionHandling.framework/Versions/A/ExceptionHandling
0x0000000100014000 	/Users/yegor/apps/Firefox.app/Contents/MacOS/libmozglue.dylib
0x0000000100036000 	/Users/yegor/apps/Firefox.app/Contents/MacOS/libnss3.dylib
0x00000001002ec000 	/Users/yegor/apps/Firefox.app/Contents/MacOS/XUL
0x0000000005705000 	/System/Library/Frameworks/IOKit.framework/Versions/A/IOKit
0x0000000005705000 	/usr/lib/libstdc++.6.dylib
0x0000000005705000 	/usr/lib/libSystem.B.dylib
0x0000000005705000 	/System/Library/Frameworks/CoreFoundation.framework/Versions/A/CoreFoundation
0x0000000005705000 	/System/Library/Frameworks/AppKit.framework/Versions/C/AppKit
0x0000000005705000 	/System/Library/Frameworks/CoreData.framework/Versions/A/CoreData
0x0000000005705000 	/System/Library/Frameworks/Foundation.framework/Versions/C/Foundation
0x0000000005705000 	/System/Library/PrivateFrameworks/RemoteViewServices.framework/Versions/A/RemoteViewServices
0x0000000005705000 	/System/Library/PrivateFrameworks/UIFoundation.framework/Versions/A/UIFoundation
0x0000000005705000 	/usr/lib/libScreenReader.dylib
0x0000000005705000 	/System/Library/Frameworks/Accelerate.framework/Versions/A/Accelerate
0x0000000005705000 	/System/Library/Frameworks/IOSurface.framework/Versions/A/IOSurface
0x0000000005705000 	/System/Library/Frameworks/ApplicationServices.framework/Versions/A/ApplicationServices
0x0000000005705000 	/System/Library/Frameworks/AudioUnit.framework/Versions/A/AudioUnit
0x0000000005705000 	/System/Library/PrivateFrameworks/DataDetectorsCore.framework/Versions/A/DataDetectorsCore
0x0000000005705000 	/System/Library/PrivateFrameworks/DesktopServicesPriv.framework/Versions/A/DesktopServicesPriv
0x0000000005705000 	/System/Library/Frameworks/Carbon.framework/Versions/A/Frameworks/HIToolbox.framework/Versions/A/HIToolbox
0x0000000005705000 	/System/Library/Frameworks/QuartzCore.framework/Versions/A/QuartzCore
0x0000000005705000 	/System/Library/Frameworks/Security.framework/Versions/A/Security
0x0000000005705000 	/System/Library/Frameworks/Carbon.framework/Versions/A/Frameworks/SpeechRecognition.framework/Versions/A/SpeechRecognition
0x0000000005705000 	/usr/lib/libauto.dylib
0x0000000005705000 	/usr/lib/libicucore.A.dylib
0x0000000005705000 	/usr/lib/libxml2.2.dylib
0x0000000005705000 	/usr/lib/libz.1.dylib
0x0000000005705000 	/System/Library/PrivateFrameworks/CoreUI.framework/Versions/A/CoreUI
0x0000000005705000 	/System/Library/Frameworks/CoreAudio.framework/Versions/A/CoreAudio
0x0000000005705000 	/System/Library/Frameworks/DiskArbitration.framework/Versions/A/DiskArbitration
0x0000000005705000 	/usr/lib/liblangid.dylib
0x0000000005705000 	/System/Library/PrivateFrameworks/MultitouchSupport.framework/Versions/A/MultitouchSupport
0x0000000005705000 	/usr/lib/libDiagnosticMessagesClient.dylib
0x0000000005705000 	/System/Library/Frameworks/CoreServices.framework/Versions/A/CoreServices
0x0000000005705000 	/System/Library/PrivateFrameworks/PerformanceAnalysis.framework/Versions/A/PerformanceAnalysis
0x0000000005705000 	/System/Library/PrivateFrameworks/GenerationalStorage.framework/Versions/A/GenerationalStorage
0x0000000005705000 	/System/Library/Frameworks/OpenGL.framework/Versions/A/OpenGL
0x0000000005705000 	/System/Library/PrivateFrameworks/Sharing.framework/Versions/A/Sharing
0x0000000005705000 	/System/Library/Frameworks/CoreGraphics.framework/Versions/A/CoreGraphics
0x0000000005705000 	/System/Library/Frameworks/CoreImage.framework/Versions/A/CoreImage
0x0000000005705000 	/System/Library/Frameworks/CoreText.framework/Versions/A/CoreText
0x0000000005705000 	/System/Library/Frameworks/ImageIO.framework/Versions/A/ImageIO
0x0000000005705000 	/System/Library/PrivateFrameworks/Backup.framework/Versions/A/Backup
0x0000000005705000 	/usr/lib/libextension.dylib
0x0000000005705000 	/usr/lib/libarchive.2.dylib
0x0000000005705000 	/System/Library/Frameworks/CFNetwork.framework/Versions/A/CFNetwork
0x0000000005705000 	/System/Library/Frameworks/SystemConfiguration.framework/Versions/A/SystemConfiguration
0x0000000005705000 	/usr/lib/libCRFSuite.dylib
0x0000000005705000 	/usr/lib/libc++.1.dylib
0x0000000005705000 	/usr/lib/libc++abi.dylib
0x0000000005705000 	/usr/lib/system/libcache.dylib
0x0000000005705000 	/usr/lib/system/libcommonCrypto.dylib
0x0000000005705000 	/usr/lib/system/libcompiler_rt.dylib
0x0000000005705000 	/usr/lib/system/libcopyfile.dylib
0x0000000005705000 	/usr/lib/system/libcorecrypto.dylib
0x0000000005705000 	/usr/lib/system/libdispatch.dylib
0x0000000005705000 	/usr/lib/system/libdyld.dylib
0x0000000005705000 	/usr/lib/system/libkeymgr.dylib
0x0000000005705000 	/usr/lib/system/liblaunch.dylib
0x0000000005705000 	/usr/lib/system/libmacho.dylib
0x0000000005705000 	/usr/lib/system/libquarantine.dylib
0x0000000005705000 	/usr/lib/system/libremovefile.dylib
0x0000000005705000 	/usr/lib/system/libsystem_asl.dylib
0x0000000005705000 	/usr/lib/system/libsystem_blocks.dylib
0x0000000005705000 	/usr/lib/system/libsystem_c.dylib
0x0000000005705000 	/usr/lib/system/libsystem_configuration.dylib
0x0000000005705000 	/usr/lib/system/libsystem_coreservices.dylib
0x0000000005705000 	/usr/lib/system/libsystem_coretls.dylib
0x0000000005705000 	/usr/lib/system/libsystem_dnssd.dylib
0x0000000005705000 	/usr/lib/system/libsystem_info.dylib
0x0000000005705000 	/usr/lib/system/libsystem_kernel.dylib
0x0000000005705000 	/usr/lib/system/libsystem_m.dylib
0x0000000005705000 	/usr/lib/system/libsystem_malloc.dylib
0x0000000005705000 	/usr/lib/system/libsystem_network.dylib
0x0000000005705000 	/usr/lib/system/libsystem_networkextension.dylib
0x0000000005705000 	/usr/lib/system/libsystem_notify.dylib
0x0000000005705000 	/usr/lib/system/libsystem_platform.dylib
0x0000000005705000 	/usr/lib/system/libsystem_pthread.dylib
0x0000000005705000 	/usr/lib/system/libsystem_sandbox.dylib
0x0000000005705000 	/usr/lib/system/libsystem_secinit.dylib
0x0000000005705000 	/usr/lib/system/libsystem_trace.dylib
0x0000000005705000 	/usr/lib/system/libunc.dylib
0x0000000005705000 	/usr/lib/system/libunwind.dylib
0x0000000005705000 	/usr/lib/system/libxpc.dylib
0x0000000005705000 	/usr/lib/libenergytrace.dylib
0x0000000005705000 	/usr/lib/libbsm.0.dylib
0x0000000005705000 	/usr/lib/system/libkxld.dylib
0x0000000005705000 	/usr/lib/libxar.1.dylib
0x0000000005705000 	/usr/lib/libsqlite3.dylib
0x0000000005705000 	/usr/lib/libpam.2.dylib
0x0000000005705000 	/usr/lib/libOpenScriptingUtil.dylib
0x0000000005705000 	/usr/lib/libbz2.1.0.dylib
0x0000000005705000 	/usr/lib/liblzma.5.dylib
0x0000000005705000 	/System/Library/Frameworks/CoreServices.framework/Versions/A/Frameworks/FSEvents.framework/Versions/A/FSEvents
0x0000000005705000 	/System/Library/Frameworks/CoreServices.framework/Versions/A/Frameworks/CarbonCore.framework/Versions/A/CarbonCore
0x0000000005705000 	/System/Library/Frameworks/CoreServices.framework/Versions/A/Frameworks/Metadata.framework/Versions/A/Metadata
0x0000000005705000 	/System/Library/Frameworks/CoreServices.framework/Versions/A/Frameworks/OSServices.framework/Versions/A/OSServices
0x0000000005705000 	/System/Library/Frameworks/CoreServices.framework/Versions/A/Frameworks/SearchKit.framework/Versions/A/SearchKit
0x0000000005705000 	/System/Library/Frameworks/CoreServices.framework/Versions/A/Frameworks/AE.framework/Versions/A/AE
0x0000000005705000 	/System/Library/Frameworks/CoreServices.framework/Versions/A/Frameworks/LaunchServices.framework/Versions/A/LaunchServices
0x0000000005705000 	/System/Library/Frameworks/CoreServices.framework/Versions/A/Frameworks/DictionaryServices.framework/Versions/A/DictionaryServices
0x0000000005705000 	/System/Library/Frameworks/CoreServices.framework/Versions/A/Frameworks/SharedFileList.framework/Versions/A/SharedFileList
0x0000000005705000 	/System/Library/Frameworks/NetFS.framework/Versions/A/NetFS
0x0000000005705000 	/System/Library/PrivateFrameworks/NetAuth.framework/Versions/A/NetAuth
0x0000000005705000 	/System/Library/PrivateFrameworks/login.framework/Versions/A/Frameworks/loginsupport.framework/Versions/A/loginsupport
0x0000000005705000 	/System/Library/PrivateFrameworks/TCC.framework/Versions/A/TCC
0x0000000005705000 	/usr/lib/libmecabra.dylib
0x0000000005705000 	/System/Library/Frameworks/ApplicationServices.framework/Versions/A/Frameworks/ATS.framework/Versions/A/ATS
0x0000000005705000 	/System/Library/Frameworks/ApplicationServices.framework/Versions/A/Frameworks/ColorSync.framework/Versions/A/ColorSync
0x0000000005705000 	/System/Library/Frameworks/ApplicationServices.framework/Versions/A/Frameworks/HIServices.framework/Versions/A/HIServices
0x0000000005705000 	/System/Library/Frameworks/ApplicationServices.framework/Versions/A/Frameworks/LangAnalysis.framework/Versions/A/LangAnalysis
0x0000000005705000 	/System/Library/Frameworks/ApplicationServices.framework/Versions/A/Frameworks/PrintCore.framework/Versions/A/PrintCore
0x0000000005705000 	/System/Library/Frameworks/ApplicationServices.framework/Versions/A/Frameworks/QD.framework/Versions/A/QD
0x0000000005705000 	/System/Library/Frameworks/ApplicationServices.framework/Versions/A/Frameworks/SpeechSynthesis.framework/Versions/A/SpeechSynthesis
0x0000000005705000 	/System/Library/Frameworks/Metal.framework/Versions/A/Metal
0x0000000005705000 	/System/Library/Frameworks/Accelerate.framework/Versions/A/Frameworks/vImage.framework/Versions/A/vImage
0x0000000005705000 	/System/Library/Frameworks/Accelerate.framework/Versions/A/Frameworks/vecLib.framework/Versions/A/vecLib
0x0000000005705000 	/System/Library/Frameworks/Accelerate.framework/Versions/A/Frameworks/vecLib.framework/Versions/A/libvDSP.dylib
0x0000000005705000 	/System/Library/Frameworks/Accelerate.framework/Versions/A/Frameworks/vecLib.framework/Versions/A/libvMisc.dylib
0x0000000005705000 	/System/Library/Frameworks/Accelerate.framework/Versions/A/Frameworks/vecLib.framework/Versions/A/libLAPACK.dylib
0x0000000005705000 	/System/Library/Frameworks/Accelerate.framework/Versions/A/Frameworks/vecLib.framework/Versions/A/libBLAS.dylib
0x0000000005705000 	/System/Library/Frameworks/Accelerate.framework/Versions/A/Frameworks/vecLib.framework/Versions/A/libLinearAlgebra.dylib
0x0000000005705000 	/System/Library/Frameworks/Accelerate.framework/Versions/A/Frameworks/vecLib.framework/Versions/A/libSparseBLAS.dylib
0x0000000005705000 	/System/Library/PrivateFrameworks/GPUCompiler.framework/libmetal_timestamp.dylib
0x0000000005705000 	/System/Library/Frameworks/OpenGL.framework/Versions/A/Libraries/libCoreFSCache.dylib
0x0000000005705000 	/System/Library/PrivateFrameworks/IOAccelerator.framework/Versions/A/IOAccelerator
0x0000000005705000 	/System/Library/Frameworks/ApplicationServices.framework/Versions/A/Frameworks/ATS.framework/Versions/A/Resources/libFontParser.dylib
0x0000000005705000 	/System/Library/Frameworks/ApplicationServices.framework/Versions/A/Frameworks/ATS.framework/Versions/A/Resources/libFontRegistry.dylib
0x0000000005705000 	/System/Library/PrivateFrameworks/AppleVPA.framework/Versions/A/AppleVPA
0x0000000005705000 	/System/Library/PrivateFrameworks/AppleJPEG.framework/Versions/A/AppleJPEG
0x0000000005705000 	/System/Library/Frameworks/ImageIO.framework/Versions/A/Resources/libJPEG.dylib
0x0000000005705000 	/System/Library/Frameworks/ImageIO.framework/Versions/A/Resources/libTIFF.dylib
0x0000000005705000 	/System/Library/Frameworks/ImageIO.framework/Versions/A/Resources/libPng.dylib
0x0000000005705000 	/System/Library/Frameworks/ImageIO.framework/Versions/A/Resources/libGIF.dylib
0x0000000005705000 	/System/Library/Frameworks/ImageIO.framework/Versions/A/Resources/libJP2.dylib
0x0000000005705000 	/System/Library/Frameworks/ImageIO.framework/Versions/A/Resources/libRadiance.dylib
0x0000000005705000 	/System/Library/Frameworks/CoreVideo.framework/Versions/A/CoreVideo
0x0000000005705000 	/System/Library/Frameworks/OpenGL.framework/Versions/A/Libraries/libGLU.dylib
0x0000000005705000 	/System/Library/Frameworks/OpenGL.framework/Versions/A/Libraries/libGFXShared.dylib
0x0000000005705000 	/System/Library/Frameworks/OpenGL.framework/Versions/A/Libraries/libGL.dylib
0x0000000005705000 	/System/Library/Frameworks/OpenGL.framework/Versions/A/Libraries/libGLImage.dylib
0x0000000005705000 	/System/Library/Frameworks/OpenGL.framework/Versions/A/Libraries/libCVMSPluginSupport.dylib
0x0000000005705000 	/System/Library/Frameworks/OpenGL.framework/Versions/A/Libraries/libCoreVMClient.dylib
0x0000000005705000 	/usr/lib/libcompression.dylib
0x0000000005705000 	/usr/lib/libcups.2.dylib
0x0000000005705000 	/System/Library/Frameworks/Kerberos.framework/Versions/A/Kerberos
0x0000000005705000 	/System/Library/Frameworks/GSS.framework/Versions/A/GSS
0x0000000005705000 	/usr/lib/libresolv.9.dylib
0x0000000005705000 	/usr/lib/libiconv.2.dylib
0x0000000005705000 	/System/Library/PrivateFrameworks/Heimdal.framework/Versions/A/Heimdal
0x0000000005705000 	/usr/lib/libheimdal-asn1.dylib
0x0000000005705000 	/System/Library/Frameworks/OpenDirectory.framework/Versions/A/OpenDirectory
0x0000000005705000 	/System/Library/PrivateFrameworks/CommonAuth.framework/Versions/A/CommonAuth
0x0000000005705000 	/System/Library/Frameworks/OpenDirectory.framework/Versions/A/Frameworks/CFOpenDirectory.framework/Versions/A/CFOpenDirectory
0x0000000005705000 	/System/Library/Frameworks/SecurityFoundation.framework/Versions/A/SecurityFoundation
0x0000000005705000 	/System/Library/PrivateFrameworks/LanguageModeling.framework/Versions/A/LanguageModeling
0x0000000005705000 	/usr/lib/libmarisa.dylib
0x0000000005705000 	/usr/lib/libChineseTokenizer.dylib
0x0000000005705000 	/usr/lib/libcmph.dylib
0x0000000005705000 	/System/Library/Frameworks/ServiceManagement.framework/Versions/A/ServiceManagement
0x0000000005705000 	/usr/lib/libxslt.1.dylib
0x0000000005705000 	/System/Library/Frameworks/Carbon.framework/Versions/A/Frameworks/Ink.framework/Versions/A/Ink
0x0000000005705000 	/usr/lib/libFosl_dynamic.dylib
0x0000000005705000 	/System/Library/PrivateFrameworks/FaceCore.framework/Versions/A/FaceCore
0x0000000005705000 	/System/Library/Frameworks/OpenCL.framework/Versions/A/OpenCL
0x0000000005705000 	/System/Library/PrivateFrameworks/CrashReporterSupport.framework/Versions/A/CrashReporterSupport
0x0000000005705000 	/System/Library/PrivateFrameworks/IconServices.framework/Versions/A/IconServices
0x0000000005705000 	/System/Library/PrivateFrameworks/Apple80211.framework/Versions/A/Apple80211
0x0000000005705000 	/System/Library/Frameworks/CoreWLAN.framework/Versions/A/CoreWLAN
0x0000000005705000 	/System/Library/Frameworks/IOBluetooth.framework/Versions/A/IOBluetooth
0x0000000005705000 	/System/Library/PrivateFrameworks/CoreWiFi.framework/Versions/A/CoreWiFi
0x0000000005705000 	/System/Library/Frameworks/CoreBluetooth.framework/Versions/A/CoreBluetooth
0x0000000005705000 	/System/Library/PrivateFrameworks/ChunkingLibrary.framework/Versions/A/ChunkingLibrary
0x0000000005705000 	/System/Library/PrivateFrameworks/DebugSymbols.framework/Versions/A/DebugSymbols
0x0000000005705000 	/System/Library/PrivateFrameworks/CoreSymbolication.framework/Versions/A/CoreSymbolication
0x0000000005705000 	/System/Library/PrivateFrameworks/Symbolication.framework/Versions/A/Symbolication
0x0000000005705000 	/System/Library/PrivateFrameworks/SpeechRecognitionCore.framework/Versions/A/SpeechRecognitionCore
0x0000000105602000 	/Users/yegor/apps/Firefox.app/Contents/MacOS/liblgpllibs.dylib
0x0000000005705000 	/System/Library/Frameworks/QTKit.framework/Versions/A/QTKit
0x0000000005705000 	/System/Library/Frameworks/CoreLocation.framework/Versions/A/CoreLocation
0x0000000005705000 	/System/Library/Frameworks/Carbon.framework/Versions/A/Carbon
0x0000000005705000 	/System/Library/Frameworks/AddressBook.framework/Versions/A/AddressBook
0x0000000005705000 	/System/Library/Frameworks/AVFoundation.framework/Versions/A/AVFoundation
0x0000000005705000 	/System/Library/Frameworks/CoreMedia.framework/Versions/A/CoreMedia
0x0000000005705000 	/System/Library/Frameworks/MediaToolbox.framework/Versions/A/MediaToolbox
0x0000000005705000 	/System/Library/Frameworks/VideoToolbox.framework/Versions/A/VideoToolbox
0x0000000005705000 	/System/Library/PrivateFrameworks/CoreMediaAuthoring.framework/Versions/A/CoreMediaAuthoring
0x0000000005705000 	/System/Library/Frameworks/CoreMediaIO.framework/Versions/A/CoreMediaIO
0x0000000005705000 	/System/Library/Frameworks/AVFoundation.framework/Versions/A/Resources/libAVFAudio.dylib
0x0000000005705000 	/usr/lib/libspindump.dylib
0x0000000005705000 	/System/Library/PrivateFrameworks/CoreAVCHD.framework/Versions/A/CoreAVCHD
0x0000000005705000 	/System/Library/Frameworks/MediaAccessibility.framework/Versions/A/MediaAccessibility
0x0000000005705000 	/System/Library/PrivateFrameworks/Mangrove.framework/Versions/A/Mangrove
0x0000000005705000 	/System/Library/PrivateFrameworks/CoreAUC.framework/Versions/A/CoreAUC
0x0000000005705000 	/System/Library/PrivateFrameworks/AppleVA.framework/Versions/A/AppleVA
0x0000000005705000 	/System/Library/PrivateFrameworks/XPCService.framework/Versions/A/XPCService
0x0000000005705000 	/System/Library/PrivateFrameworks/AppSandbox.framework/Versions/A/AppSandbox
0x0000000005705000 	/usr/lib/libsandbox.1.dylib
0x0000000005705000 	/System/Library/PrivateFrameworks/AppContainer.framework/Versions/A/AppContainer
0x0000000005705000 	/System/Library/PrivateFrameworks/SecCodeWrapper.framework/Versions/A/SecCodeWrapper
0x0000000005705000 	/usr/lib/libMatch.1.dylib
0x0000000005705000 	/System/Library/Frameworks/Carbon.framework/Versions/A/Frameworks/CommonPanels.framework/Versions/A/CommonPanels
0x0000000005705000 	/System/Library/Frameworks/Carbon.framework/Versions/A/Frameworks/Help.framework/Versions/A/Help
0x0000000005705000 	/System/Library/Frameworks/Carbon.framework/Versions/A/Frameworks/ImageCapture.framework/Versions/A/ImageCapture
0x0000000005705000 	/System/Library/Frameworks/Carbon.framework/Versions/A/Frameworks/OpenScripting.framework/Versions/A/OpenScripting
0x0000000005705000 	/System/Library/Frameworks/Carbon.framework/Versions/A/Frameworks/Print.framework/Versions/A/Print
0x0000000005705000 	/System/Library/Frameworks/Carbon.framework/Versions/A/Frameworks/SecurityHI.framework/Versions/A/SecurityHI
0x0000000005705000 	/System/Library/PrivateFrameworks/GeoServices.framework/Versions/A/GeoServices
0x0000000005705000 	/System/Library/PrivateFrameworks/ProtocolBuffer.framework/Versions/A/ProtocolBuffer
0x0000000005705000 	/System/Library/PrivateFrameworks/ContactsPersistence.framework/Versions/A/ContactsPersistence
0x0000000005705000 	/System/Library/PrivateFrameworks/ContactsFoundation.framework/Versions/A/ContactsFoundation
0x0000000005705000 	/System/Library/PrivateFrameworks/vCard.framework/Versions/A/vCard
0x0000000005705000 	/System/Library/PrivateFrameworks/IntlPreferences.framework/Versions/A/IntlPreferences
0x0000000005705000 	/System/Library/PrivateFrameworks/ToneLibrary.framework/Versions/A/ToneLibrary
0x0000000005705000 	/System/Library/PrivateFrameworks/ToneKit.framework/Versions/A/ToneKit
0x0000000005705000 	/System/Library/PrivateFrameworks/ApplePushService.framework/Versions/A/ApplePushService
0x0000000005705000 	/System/Library/Frameworks/DirectoryService.framework/Versions/A/DirectoryService
0x0000000005705000 	/System/Library/Frameworks/SecurityInterface.framework/Versions/A/SecurityInterface
0x0000000005705000 	/System/Library/PrivateFrameworks/PhoneNumbers.framework/Versions/A/PhoneNumbers
0x0000000005705000 	/System/Library/PrivateFrameworks/ViewBridge.framework/Versions/A/ViewBridge
0x0000000005705000 	/System/Library/Frameworks/Quartz.framework/Versions/A/Quartz
0x0000000005705000 	/System/Library/Frameworks/LDAP.framework/Versions/A/LDAP
0x0000000005705000 	/System/Library/PrivateFrameworks/CoreDaemon.framework/Versions/B/CoreDaemon
0x0000000005705000 	/usr/lib/libcrypto.0.9.8.dylib
0x0000000005705000 	/System/Library/PrivateFrameworks/AppleSRP.framework/Versions/A/AppleSRP
0x0000000005705000 	/System/Library/PrivateFrameworks/TrustEvaluationAgent.framework/Versions/A/TrustEvaluationAgent
0x0000000005705000 	/System/Library/Frameworks/Quartz.framework/Versions/A/Frameworks/QuartzComposer.framework/Versions/A/QuartzComposer
0x0000000005705000 	/System/Library/Frameworks/Quartz.framework/Versions/A/Frameworks/PDFKit.framework/Versions/A/PDFKit
0x0000000005705000 	/System/Library/Frameworks/Quartz.framework/Versions/A/Frameworks/QuartzFilters.framework/Versions/A/QuartzFilters
0x0000000005705000 	/System/Library/Frameworks/Quartz.framework/Versions/A/Frameworks/ImageKit.framework/Versions/A/ImageKit
0x0000000005705000 	/System/Library/Frameworks/Quartz.framework/Versions/A/Frameworks/QuickLookUI.framework/Versions/A/QuickLookUI
0x0000000005705000 	/System/Library/Frameworks/JavaScriptCore.framework/Versions/A/JavaScriptCore
0x0000000005705000 	/System/Library/PrivateFrameworks/AppleSystemInfo.framework/Versions/A/AppleSystemInfo
0x0000000005705000 	/System/Library/PrivateFrameworks/CorePDF.framework/Versions/A/CorePDF
0x0000000005705000 	/System/Library/Frameworks/QuickLook.framework/Versions/A/QuickLook
0x0000000005705000 	/System/Library/PrivateFrameworks/DisplayServices.framework/Versions/A/DisplayServices
0x0000000005705000 	/System/Library/Frameworks/ImageCaptureCore.framework/Versions/A/ImageCaptureCore
0x0000000005705000 	/System/Library/PrivateFrameworks/SafariServices.framework/Versions/A/SafariServices
0x0000000005705000 	/usr/lib/libsasl2.2.dylib
0x0000000005705000 	/System/Library/PrivateFrameworks/CoreServicesInternal.framework/Versions/A/CoreServicesInternal
0x000000010ba95000 	/Library/Internet Plug-Ins/JavaAppletPlugin.plugin/Contents/MacOS/JavaAppletPlugin
0x000000010bac6000 	/Library/Internet Plug-Ins/JavaAppletPlugin.plugin/Contents/Home/lib/jli/./libjli.dylib
0x000000010bad6000 	/Library/Internet Plug-Ins/JavaAppletPlugin.plugin/Contents/Home/lib/./libdeploy.dylib
0x000000010baff000 	/System/Library/Frameworks/JavaVM.framework/Versions/A/Frameworks/JavaNativeFoundation.framework/Versions/A/JavaNativeFoundation
0x000000010bb14000 	/Library/Internet Plug-Ins/JavaAppletPlugin.plugin/Contents/Frameworks/Sparkle.framework/Versions/A/Sparkle
0x0000000005705000 	/System/Library/Frameworks/WebKit.framework/Versions/A/WebKit
0x0000000005705000 	/System/Library/Frameworks/WebKit.framework/Versions/A/Frameworks/WebKitLegacy.framework/Versions/A/WebKitLegacy
0x0000000005705000 	/System/Library/Frameworks/WebKit.framework/Versions/A/Frameworks/WebCore.framework/Versions/A/WebCore
0x000000010bb56000 	/System/Library/Frameworks/JavaVM.framework/Versions/A/JavaVM
0x000000010bb63000 	/System/Library/PrivateFrameworks/JavaLaunching.framework/Versions/A/JavaLaunching
0x0000000005705000 	/System/Library/PrivateFrameworks/FamilyControls.framework/Versions/A/FamilyControls
0x0000000005705000 	/System/Library/PrivateFrameworks/CommerceKit.framework/Versions/A/Frameworks/CommerceCore.framework/Versions/A/CommerceCore
0x0000000005705000 	/System/Library/PrivateFrameworks/SystemAdministration.framework/Versions/A/SystemAdministration
0x0000000005705000 	/System/Library/PrivateFrameworks/DiskImages.framework/Versions/A/DiskImages
0x0000000005705000 	/System/Library/PrivateFrameworks/LoginUIKit.framework/Versions/A/Frameworks/LoginUICore.framework/Versions/A/LoginUICore
0x0000000005705000 	/usr/lib/libCoreStorage.dylib
0x0000000005705000 	/usr/lib/libcsfde.dylib
0x0000000005705000 	/usr/lib/libodfde.dylib
0x0000000005705000 	/System/Library/Frameworks/DiscRecording.framework/Versions/A/DiscRecording
0x0000000005705000 	/usr/lib/libcurl.4.dylib
0x0000000005705000 	/System/Library/PrivateFrameworks/MediaKit.framework/Versions/A/MediaKit
0x0000000005705000 	/System/Library/PrivateFrameworks/ProtectedCloudStorage.framework/Versions/A/ProtectedCloudStorage
0x0000000005705000 	/System/Library/PrivateFrameworks/EFILogin.framework/Versions/A/EFILogin
0x0000000005705000 	/usr/lib/libutil.dylib
0x0000000005705000 	/System/Library/PrivateFrameworks/FindMyDevice.framework/Versions/A/FindMyDevice
0x000000010d67b000 	/Library/Internet Plug-Ins/JavaAppletPlugin.plugin/Contents/Home//lib/server/libjvm.dylib
0x000000010bc52000 	/Library/Internet Plug-Ins/JavaAppletPlugin.plugin/Contents/Home/lib/libverify.dylib
0x000000010bc60000 	/Library/Internet Plug-Ins/JavaAppletPlugin.plugin/Contents/Home/lib/libjava.dylib
0x000000010bc9e000 	/Library/Internet Plug-Ins/JavaAppletPlugin.plugin/Contents/Home/lib/libzip.dylib
0x000000010bcd4000 	/System/Library/Frameworks/JavaVM.framework/Frameworks/JavaRuntimeSupport.framework/JavaRuntimeSupport
0x0000000005705000 	/System/Library/Frameworks/OpenGL.framework/Versions/A/Resources/GLEngine.bundle/GLEngine
0x0000000005705000 	/System/Library/Frameworks/OpenGL.framework/Versions/A/Libraries/libGLProgrammability.dylib
0x0000000121000000 	/System/Library/Extensions/AppleIntelHD5000GraphicsGLDriver.bundle/Contents/MacOS/AppleIntelHD5000GraphicsGLDriver
0x0000000005705000 	/System/Library/PrivateFrameworks/GPUSupport.framework/Versions/A/Libraries/libGPUSupportMercury.dylib
0x0000000005705000 	/System/Library/Extensions/GeForceGLDriver.bundle/Contents/MacOS/GeForceGLDriver
0x0000000005705000 	/System/Library/Extensions/GeForceGLDriver.bundle/Contents/MacOS/libclh.dylib
0x0000000005705000 	/System/Library/Frameworks/OpenGL.framework/Versions/A/Resources/GLRendererFloat.bundle/GLRendererFloat
0x0000000005705000 	/System/Library/Frameworks/OpenCL.framework/Versions/A/Libraries/libcldcpuengine.dylib
0x0000000121c00000 	/Library/Internet Plug-Ins/JavaAppletPlugin.plugin/Contents/Home/lib/libnet.dylib
0x0000000121c3a000 	/Library/Internet Plug-Ins/JavaAppletPlugin.plugin/Contents/Home/lib/libnio.dylib
0x0000000121dca000 	/Library/Internet Plug-Ins/JavaAppletPlugin.plugin/Contents/Home/lib/libosx.dylib
0x0000000121dd8000 	/Library/Internet Plug-Ins/JavaAppletPlugin.plugin/Contents/Home/lib/./libosxapp.dylib
0x0000000122e00000 	/System/Library/Extensions/GeForceMTLDriver.bundle/Contents/MacOS/GeForceMTLDriver
0x0000000122f30000 	/System/Library/Extensions/AppleIntelHD5000GraphicsMTLDriver.bundle/Contents/MacOS/AppleIntelHD5000GraphicsMTLDriver
0x0000000005705000 	/System/Library/Frameworks/CoreGraphics.framework/Versions/A/Resources/libRIP.A.dylib
0x00000001231b1000 	/Library/Internet Plug-Ins/JavaAppletPlugin.plugin/Contents/Home/lib/libsunec.dylib

VM Arguments:
jvm_args: -Xbootclasspath/a:/Library/Internet Plug-Ins/JavaAppletPlugin.plugin/Contents/Home/lib/deploy.jar:/Library/Internet Plug-Ins/JavaAppletPlugin.plugin/Contents/Home/lib/javaws.jar:/Library/Internet Plug-Ins/JavaAppletPlugin.plugin/Contents/Home/lib/plugin.jar -Xmx32m -Djava.awt.headless=true -XX:MaxDirectMemorySize=64m -Djava.security.manager 
java_command: <unknown>
java_class_path (initial): <not set>
Launcher Type: generic

Environment Variables:
JAVA_HOME=/Library/Java/JavaVirtualMachines/jdk1.8.0_40.jdk/Contents/Home
PATH=/Users/yegor/.rvm/gems/ruby-2.1.3/bin:/Users/yegor/.rvm/gems/ruby-2.1.3@global/bin:/Users/yegor/.rvm/rubies/ruby-2.1.3/bin:/usr/local/heroku/bin:/Users/yegor/apps/android-sdk/tools:/Users/yegor/apps/android-sdk/platform-tools:/usr/local/opt/coreutils/libexec/gnubin:/usr/local/texlive/2013/bin/x86_64-darwin:/usr/local/bin:/usr/local/bin:/usr/bin:/bin:/usr/sbin:/sbin:/opt/X11/bin:/usr/texbin:/Users/yegor/apps/bin:/usr/local/Cellar/ruby/2.1.3/bin:/usr/local/sbin:/Users/yegor/apps/amazon-cw/bin:/Users/yegor/apps/amazon-ec2/bin:/Users/yegor/apps/amazon-iam/bin:/Users/yegor/apps/amazon-ebt/bin:/Users/yegor/apps/amazon-datapipeline:/Users/yegor/apps/amazon-as/bin:/Users/yegor/.rvm/bin
SHELL=/bin/bash
DISPLAY=/private/tmp/com.apple.launchd.CuPxVtRoDs/org.macosforge.xquartz:0
DYLD_LIBRARY_PATH=/Users/yegor/apps/Firefox.app/Contents/MacOS
DYLD_INSERT_LIBRARIES=

Signal Handlers:
SIGSEGV: [libjvm.dylib+0x5a65d5], sa_mask[0]=11111111011111110111111111111111, sa_flags=SA_ONSTACK|SA_RESTART|SA_SIGINFO
SIGBUS: [libjvm.dylib+0x5a65d5], sa_mask[0]=11111111011111110111111111111111, sa_flags=SA_RESTART|SA_SIGINFO
SIGFPE: [libjvm.dylib+0x4802e8], sa_mask[0]=11111111011111110111111111111111, sa_flags=SA_RESTART|SA_SIGINFO
SIGPIPE: [libjvm.dylib+0x4802e8], sa_mask[0]=11111111011111110111111111111111, sa_flags=SA_RESTART|SA_SIGINFO
SIGXFSZ: [libjvm.dylib+0x4802e8], sa_mask[0]=11111111011111110111111111111111, sa_flags=SA_RESTART|SA_SIGINFO
SIGILL: [libjvm.dylib+0x4802e8], sa_mask[0]=11111111011111110111111111111111, sa_flags=SA_RESTART|SA_SIGINFO
SIGUSR1: SIG_DFL, sa_mask[0]=11011111011111100000000111000110, sa_flags=none
SIGUSR2: [libjvm.dylib+0x47fe06], sa_mask[0]=00000000000000000000000000000000, sa_flags=SA_RESTART|SA_SIGINFO
SIGHUP: [libjvm.dylib+0x47e3dd], sa_mask[0]=11111111011111110111111111111111, sa_flags=SA_RESTART|SA_SIGINFO
SIGINT: [libjvm.dylib+0x47e3dd], sa_mask[0]=11111111011111110111111111111111, sa_flags=SA_RESTART|SA_SIGINFO
SIGTERM: [libjvm.dylib+0x47e3dd], sa_mask[0]=11111111011111110111111111111111, sa_flags=SA_RESTART|SA_SIGINFO
SIGQUIT: [libjvm.dylib+0x47e3dd], sa_mask[0]=11111111011111110111111111111111, sa_flags=SA_RESTART|SA_SIGINFO


---------------  S Y S T E M  ---------------

OS:Bsduname:Darwin 15.5.0 Darwin Kernel Version 15.5.0: Tue Apr 19 18:36:36 PDT 2016; root:xnu-3248.50.21~8/RELEASE_X86_64 x86_64
rlimit: STACK 8192k, CORE 0k, NPROC 709, NOFILE 10240, AS infinity
load average:2.04 2.18 2.09

CPU:total 8 (4 cores per cpu, 2 threads per core) family 6 model 70 stepping 1, cmov, cx8, fxsr, mmx, sse, sse2, sse3, ssse3, sse4.1, sse4.2, popcnt, avx, avx2, aes, clmul, erms, rtm, lzcnt, ht, tsc, tscinvbit, bmi1, bmi2

Memory: 4k page, physical 16777216k(160432k free)

/proc/meminfo:


vm_info: Java HotSpot(TM) 64-Bit Server VM (25.66-b17) for bsd-amd64 JRE (1.8.0_66-b17), built on Oct  6 2015 16:09:13 by "java_re" with gcc 4.2.1 (Based on Apple Inc. build 5658) (LLVM build 2336.11.00)

time: Wed Jul 13 10:24:11 2016
elapsed time: 507 seconds (0d 0h 8m 27s)

